/home/iwintern/guide_robot_ws/src/guide_robot_localization/install/guide_robot_localization/lib/python3.10/site-packages/guide_robot_localization/tf_rotation_publisher.py
/home/iwintern/guide_robot_ws/src/guide_robot_localization/install/guide_robot_localization/lib/python3.10/site-packages/guide_robot_localization/odometry_transformer.py
/home/iwintern/guide_robot_ws/src/guide_robot_localization/install/guide_robot_localization/lib/python3.10/site-packages/guide_robot_localization/imu_to_basefootprint.py
/home/iwintern/guide_robot_ws/src/guide_robot_localization/install/guide_robot_localization/lib/python3.10/site-packages/guide_robot_localization/corrected_body_frame_publisher.py
/home/iwintern/guide_robot_ws/src/guide_robot_localization/install/guide_robot_localization/lib/python3.10/site-packages/guide_robot_localization/__init__.py
/home/iwintern/guide_robot_ws/src/guide_robot_localization/install/guide_robot_localization/lib/python3.10/site-packages/guide_robot_localization/accumulator.py
/home/iwintern/guide_robot_ws/src/guide_robot_localization/install/guide_robot_localization/lib/python3.10/site-packages/guide_robot_localization/point_cloud_transformer.py
/home/iwintern/guide_robot_ws/src/guide_robot_localization/install/guide_robot_localization/lib/python3.10/site-packages/guide_robot_localization/__pycache__/tf_rotation_publisher.cpython-310.pyc
/home/iwintern/guide_robot_ws/src/guide_robot_localization/install/guide_robot_localization/lib/python3.10/site-packages/guide_robot_localization/__pycache__/odometry_transformer.cpython-310.pyc
/home/iwintern/guide_robot_ws/src/guide_robot_localization/install/guide_robot_localization/lib/python3.10/site-packages/guide_robot_localization/__pycache__/imu_to_basefootprint.cpython-310.pyc
/home/iwintern/guide_robot_ws/src/guide_robot_localization/install/guide_robot_localization/lib/python3.10/site-packages/guide_robot_localization/__pycache__/corrected_body_frame_publisher.cpython-310.pyc
/home/iwintern/guide_robot_ws/src/guide_robot_localization/install/guide_robot_localization/lib/python3.10/site-packages/guide_robot_localization/__pycache__/__init__.cpython-310.pyc
/home/iwintern/guide_robot_ws/src/guide_robot_localization/install/guide_robot_localization/lib/python3.10/site-packages/guide_robot_localization/__pycache__/accumulator.cpython-310.pyc
/home/iwintern/guide_robot_ws/src/guide_robot_localization/install/guide_robot_localization/lib/python3.10/site-packages/guide_robot_localization/__pycache__/point_cloud_transformer.cpython-310.pyc
/home/iwintern/guide_robot_ws/src/guide_robot_localization/install/guide_robot_localization/share/ament_index/resource_index/packages/guide_robot_localization
/home/iwintern/guide_robot_ws/src/guide_robot_localization/install/guide_robot_localization/share/guide_robot_localization/package.xml
/home/iwintern/guide_robot_ws/src/guide_robot_localization/install/guide_robot_localization/share/guide_robot_localization/launch/mapping.launch.py
/home/iwintern/guide_robot_ws/src/guide_robot_localization/install/guide_robot_localization/share/guide_robot_localization/launch/bringup.launch.py
/home/iwintern/guide_robot_ws/src/guide_robot_localization/install/guide_robot_localization/share/guide_robot_localization/launch/rotation.launch.py
/home/iwintern/guide_robot_ws/src/guide_robot_localization/install/guide_robot_localization/share/guide_robot_localization/launch/debug_odometry.launch.py
/home/iwintern/guide_robot_ws/src/guide_robot_localization/install/guide_robot_localization/share/guide_robot_localization/maps/map.pgm
/home/iwintern/guide_robot_ws/src/guide_robot_localization/install/guide_robot_localization/share/guide_robot_localization/maps/map.yaml
/home/iwintern/guide_robot_ws/src/guide_robot_localization/install/guide_robot_localization/share/guide_robot_localization/maps/map_edited.yaml
/home/iwintern/guide_robot_ws/src/guide_robot_localization/install/guide_robot_localization/share/guide_robot_localization/maps/map_edited.pgm
/home/iwintern/guide_robot_ws/src/guide_robot_localization/install/guide_robot_localization/share/guide_robot_localization/config/nav2_params.yaml
/home/iwintern/guide_robot_ws/src/guide_robot_localization/install/guide_robot_localization/share/guide_robot_localization/config/mapper_params_online_async.yaml
/home/iwintern/guide_robot_ws/src/guide_robot_localization/install/guide_robot_localization/share/guide_robot_localization/rviz/mapping.rviz
/home/iwintern/guide_robot_ws/src/guide_robot_localization/install/guide_robot_localization/share/guide_robot_localization/rviz/config.rviz
/home/iwintern/guide_robot_ws/src/guide_robot_localization/install/guide_robot_localization/lib/python3.10/site-packages/guide_robot_localization-0.0.0-py3.10.egg-info/top_level.txt
/home/iwintern/guide_robot_ws/src/guide_robot_localization/install/guide_robot_localization/lib/python3.10/site-packages/guide_robot_localization-0.0.0-py3.10.egg-info/SOURCES.txt
/home/iwintern/guide_robot_ws/src/guide_robot_localization/install/guide_robot_localization/lib/python3.10/site-packages/guide_robot_localization-0.0.0-py3.10.egg-info/zip-safe
/home/iwintern/guide_robot_ws/src/guide_robot_localization/install/guide_robot_localization/lib/python3.10/site-packages/guide_robot_localization-0.0.0-py3.10.egg-info/entry_points.txt
/home/iwintern/guide_robot_ws/src/guide_robot_localization/install/guide_robot_localization/lib/python3.10/site-packages/guide_robot_localization-0.0.0-py3.10.egg-info/requires.txt
/home/iwintern/guide_robot_ws/src/guide_robot_localization/install/guide_robot_localization/lib/python3.10/site-packages/guide_robot_localization-0.0.0-py3.10.egg-info/dependency_links.txt
/home/iwintern/guide_robot_ws/src/guide_robot_localization/install/guide_robot_localization/lib/python3.10/site-packages/guide_robot_localization-0.0.0-py3.10.egg-info/PKG-INFO
/home/iwintern/guide_robot_ws/src/guide_robot_localization/install/guide_robot_localization/lib/guide_robot_localization/accumulator
/home/iwintern/guide_robot_ws/src/guide_robot_localization/install/guide_robot_localization/lib/guide_robot_localization/corrected_body_frame_publisher
/home/iwintern/guide_robot_ws/src/guide_robot_localization/install/guide_robot_localization/lib/guide_robot_localization/imu_to_basefootprint
/home/iwintern/guide_robot_ws/src/guide_robot_localization/install/guide_robot_localization/lib/guide_robot_localization/odometry_transformer
/home/iwintern/guide_robot_ws/src/guide_robot_localization/install/guide_robot_localization/lib/guide_robot_localization/point_cloud_transformer
