running egg_info
creating build/guide_robot_localization/guide_robot_localization.egg-info
writing build/guide_robot_localization/guide_robot_localization.egg-info/PKG-INFO
writing dependency_links to build/guide_robot_localization/guide_robot_localization.egg-info/dependency_links.txt
writing entry points to build/guide_robot_localization/guide_robot_localization.egg-info/entry_points.txt
writing requirements to build/guide_robot_localization/guide_robot_localization.egg-info/requires.txt
writing top-level names to build/guide_robot_localization/guide_robot_localization.egg-info/top_level.txt
writing manifest file 'build/guide_robot_localization/guide_robot_localization.egg-info/SOURCES.txt'
reading manifest file 'build/guide_robot_localization/guide_robot_localization.egg-info/SOURCES.txt'
writing manifest file 'build/guide_robot_localization/guide_robot_localization.egg-info/SOURCES.txt'
running build
running build_py
creating /home/iwintern/guide_robot_ws/src/guide_robot_localization/build/guide_robot_localization/build
creating /home/iwintern/guide_robot_ws/src/guide_robot_localization/build/guide_robot_localization/build/lib
creating /home/iwintern/guide_robot_ws/src/guide_robot_localization/build/guide_robot_localization/build/lib/guide_robot_localization
copying guide_robot_localization/tf_rotation_publisher.py -> /home/iwintern/guide_robot_ws/src/guide_robot_localization/build/guide_robot_localization/build/lib/guide_robot_localization
copying guide_robot_localization/odometry_transformer.py -> /home/iwintern/guide_robot_ws/src/guide_robot_localization/build/guide_robot_localization/build/lib/guide_robot_localization
copying guide_robot_localization/imu_to_basefootprint.py -> /home/iwintern/guide_robot_ws/src/guide_robot_localization/build/guide_robot_localization/build/lib/guide_robot_localization
copying guide_robot_localization/corrected_body_frame_publisher.py -> /home/iwintern/guide_robot_ws/src/guide_robot_localization/build/guide_robot_localization/build/lib/guide_robot_localization
copying guide_robot_localization/__init__.py -> /home/iwintern/guide_robot_ws/src/guide_robot_localization/build/guide_robot_localization/build/lib/guide_robot_localization
copying guide_robot_localization/accumulator.py -> /home/iwintern/guide_robot_ws/src/guide_robot_localization/build/guide_robot_localization/build/lib/guide_robot_localization
copying guide_robot_localization/point_cloud_transformer.py -> /home/iwintern/guide_robot_ws/src/guide_robot_localization/build/guide_robot_localization/build/lib/guide_robot_localization
running install
running install_lib
creating /home/iwintern/guide_robot_ws/src/guide_robot_localization/install/guide_robot_localization/lib/python3.10/site-packages/guide_robot_localization
copying /home/iwintern/guide_robot_ws/src/guide_robot_localization/build/guide_robot_localization/build/lib/guide_robot_localization/tf_rotation_publisher.py -> /home/iwintern/guide_robot_ws/src/guide_robot_localization/install/guide_robot_localization/lib/python3.10/site-packages/guide_robot_localization
copying /home/iwintern/guide_robot_ws/src/guide_robot_localization/build/guide_robot_localization/build/lib/guide_robot_localization/odometry_transformer.py -> /home/iwintern/guide_robot_ws/src/guide_robot_localization/install/guide_robot_localization/lib/python3.10/site-packages/guide_robot_localization
copying /home/iwintern/guide_robot_ws/src/guide_robot_localization/build/guide_robot_localization/build/lib/guide_robot_localization/imu_to_basefootprint.py -> /home/iwintern/guide_robot_ws/src/guide_robot_localization/install/guide_robot_localization/lib/python3.10/site-packages/guide_robot_localization
copying /home/iwintern/guide_robot_ws/src/guide_robot_localization/build/guide_robot_localization/build/lib/guide_robot_localization/corrected_body_frame_publisher.py -> /home/iwintern/guide_robot_ws/src/guide_robot_localization/install/guide_robot_localization/lib/python3.10/site-packages/guide_robot_localization
copying /home/iwintern/guide_robot_ws/src/guide_robot_localization/build/guide_robot_localization/build/lib/guide_robot_localization/__init__.py -> /home/iwintern/guide_robot_ws/src/guide_robot_localization/install/guide_robot_localization/lib/python3.10/site-packages/guide_robot_localization
copying /home/iwintern/guide_robot_ws/src/guide_robot_localization/build/guide_robot_localization/build/lib/guide_robot_localization/accumulator.py -> /home/iwintern/guide_robot_ws/src/guide_robot_localization/install/guide_robot_localization/lib/python3.10/site-packages/guide_robot_localization
copying /home/iwintern/guide_robot_ws/src/guide_robot_localization/build/guide_robot_localization/build/lib/guide_robot_localization/point_cloud_transformer.py -> /home/iwintern/guide_robot_ws/src/guide_robot_localization/install/guide_robot_localization/lib/python3.10/site-packages/guide_robot_localization
byte-compiling /home/iwintern/guide_robot_ws/src/guide_robot_localization/install/guide_robot_localization/lib/python3.10/site-packages/guide_robot_localization/tf_rotation_publisher.py to tf_rotation_publisher.cpython-310.pyc
byte-compiling /home/iwintern/guide_robot_ws/src/guide_robot_localization/install/guide_robot_localization/lib/python3.10/site-packages/guide_robot_localization/odometry_transformer.py to odometry_transformer.cpython-310.pyc
byte-compiling /home/iwintern/guide_robot_ws/src/guide_robot_localization/install/guide_robot_localization/lib/python3.10/site-packages/guide_robot_localization/imu_to_basefootprint.py to imu_to_basefootprint.cpython-310.pyc
byte-compiling /home/iwintern/guide_robot_ws/src/guide_robot_localization/install/guide_robot_localization/lib/python3.10/site-packages/guide_robot_localization/corrected_body_frame_publisher.py to corrected_body_frame_publisher.cpython-310.pyc
byte-compiling /home/iwintern/guide_robot_ws/src/guide_robot_localization/install/guide_robot_localization/lib/python3.10/site-packages/guide_robot_localization/__init__.py to __init__.cpython-310.pyc
byte-compiling /home/iwintern/guide_robot_ws/src/guide_robot_localization/install/guide_robot_localization/lib/python3.10/site-packages/guide_robot_localization/accumulator.py to accumulator.cpython-310.pyc
byte-compiling /home/iwintern/guide_robot_ws/src/guide_robot_localization/install/guide_robot_localization/lib/python3.10/site-packages/guide_robot_localization/point_cloud_transformer.py to point_cloud_transformer.cpython-310.pyc
running install_data
creating /home/iwintern/guide_robot_ws/src/guide_robot_localization/install/guide_robot_localization/share/ament_index
creating /home/iwintern/guide_robot_ws/src/guide_robot_localization/install/guide_robot_localization/share/ament_index/resource_index
creating /home/iwintern/guide_robot_ws/src/guide_robot_localization/install/guide_robot_localization/share/ament_index/resource_index/packages
copying resource/guide_robot_localization -> /home/iwintern/guide_robot_ws/src/guide_robot_localization/install/guide_robot_localization/share/ament_index/resource_index/packages
copying package.xml -> /home/iwintern/guide_robot_ws/src/guide_robot_localization/install/guide_robot_localization/share/guide_robot_localization
creating /home/iwintern/guide_robot_ws/src/guide_robot_localization/install/guide_robot_localization/share/guide_robot_localization/launch
copying launch/mapping.launch.py -> /home/iwintern/guide_robot_ws/src/guide_robot_localization/install/guide_robot_localization/share/guide_robot_localization/launch
copying launch/bringup.launch.py -> /home/iwintern/guide_robot_ws/src/guide_robot_localization/install/guide_robot_localization/share/guide_robot_localization/launch
copying launch/rotation.launch.py -> /home/iwintern/guide_robot_ws/src/guide_robot_localization/install/guide_robot_localization/share/guide_robot_localization/launch
copying launch/debug_odometry.launch.py -> /home/iwintern/guide_robot_ws/src/guide_robot_localization/install/guide_robot_localization/share/guide_robot_localization/launch
creating /home/iwintern/guide_robot_ws/src/guide_robot_localization/install/guide_robot_localization/share/guide_robot_localization/maps
copying maps/map.pgm -> /home/iwintern/guide_robot_ws/src/guide_robot_localization/install/guide_robot_localization/share/guide_robot_localization/maps
copying maps/map.yaml -> /home/iwintern/guide_robot_ws/src/guide_robot_localization/install/guide_robot_localization/share/guide_robot_localization/maps
copying maps/map_edited.yaml -> /home/iwintern/guide_robot_ws/src/guide_robot_localization/install/guide_robot_localization/share/guide_robot_localization/maps
copying maps/map_edited.pgm -> /home/iwintern/guide_robot_ws/src/guide_robot_localization/install/guide_robot_localization/share/guide_robot_localization/maps
creating /home/iwintern/guide_robot_ws/src/guide_robot_localization/install/guide_robot_localization/share/guide_robot_localization/config
copying config/nav2_params.yaml -> /home/iwintern/guide_robot_ws/src/guide_robot_localization/install/guide_robot_localization/share/guide_robot_localization/config
copying config/mapper_params_online_async.yaml -> /home/iwintern/guide_robot_ws/src/guide_robot_localization/install/guide_robot_localization/share/guide_robot_localization/config
creating /home/iwintern/guide_robot_ws/src/guide_robot_localization/install/guide_robot_localization/share/guide_robot_localization/rviz
copying rviz/config.rviz -> /home/iwintern/guide_robot_ws/src/guide_robot_localization/install/guide_robot_localization/share/guide_robot_localization/rviz
running install_egg_info
Copying build/guide_robot_localization/guide_robot_localization.egg-info to /home/iwintern/guide_robot_ws/src/guide_robot_localization/install/guide_robot_localization/lib/python3.10/site-packages/guide_robot_localization-0.0.0-py3.10.egg-info
running install_scripts
Installing accumulator script to /home/iwintern/guide_robot_ws/src/guide_robot_localization/install/guide_robot_localization/lib/guide_robot_localization
Installing corrected_body_frame_publisher script to /home/iwintern/guide_robot_ws/src/guide_robot_localization/install/guide_robot_localization/lib/guide_robot_localization
Installing imu_to_basefootprint script to /home/iwintern/guide_robot_ws/src/guide_robot_localization/install/guide_robot_localization/lib/guide_robot_localization
Installing odometry_transformer script to /home/iwintern/guide_robot_ws/src/guide_robot_localization/install/guide_robot_localization/lib/guide_robot_localization
Installing point_cloud_transformer script to /home/iwintern/guide_robot_ws/src/guide_robot_localization/install/guide_robot_localization/lib/guide_robot_localization
writing list of installed files to '/home/iwintern/guide_robot_ws/src/guide_robot_localization/build/guide_robot_localization/install.log'
