running egg_info
writing build/guide_robot_localization/guide_robot_localization.egg-info/PKG-INFO
writing dependency_links to build/guide_robot_localization/guide_robot_localization.egg-info/dependency_links.txt
writing entry points to build/guide_robot_localization/guide_robot_localization.egg-info/entry_points.txt
writing requirements to build/guide_robot_localization/guide_robot_localization.egg-info/requires.txt
writing top-level names to build/guide_robot_localization/guide_robot_localization.egg-info/top_level.txt
reading manifest file 'build/guide_robot_localization/guide_robot_localization.egg-info/SOURCES.txt'
writing manifest file 'build/guide_robot_localization/guide_robot_localization.egg-info/SOURCES.txt'
running build
running build_py
running install
running install_lib
running install_data
copying launch/mapping.launch.py -> /home/iwintern/guide_robot_ws/src/guide_robot_localization/install/guide_robot_localization/share/guide_robot_localization/launch
copying config/mapper_params_online_async.yaml -> /home/iwintern/guide_robot_ws/src/guide_robot_localization/install/guide_robot_localization/share/guide_robot_localization/config
running install_egg_info
removing '/home/iwintern/guide_robot_ws/src/guide_robot_localization/install/guide_robot_localization/lib/python3.10/site-packages/guide_robot_localization-0.0.0-py3.10.egg-info' (and everything under it)
Copying build/guide_robot_localization/guide_robot_localization.egg-info to /home/iwintern/guide_robot_ws/src/guide_robot_localization/install/guide_robot_localization/lib/python3.10/site-packages/guide_robot_localization-0.0.0-py3.10.egg-info
running install_scripts
Installing accumulator script to /home/iwintern/guide_robot_ws/src/guide_robot_localization/install/guide_robot_localization/lib/guide_robot_localization
Installing corrected_body_frame_publisher script to /home/iwintern/guide_robot_ws/src/guide_robot_localization/install/guide_robot_localization/lib/guide_robot_localization
Installing imu_to_basefootprint script to /home/iwintern/guide_robot_ws/src/guide_robot_localization/install/guide_robot_localization/lib/guide_robot_localization
Installing odometry_transformer script to /home/iwintern/guide_robot_ws/src/guide_robot_localization/install/guide_robot_localization/lib/guide_robot_localization
Installing point_cloud_transformer script to /home/iwintern/guide_robot_ws/src/guide_robot_localization/install/guide_robot_localization/lib/guide_robot_localization
writing list of installed files to '/home/iwintern/guide_robot_ws/src/guide_robot_localization/build/guide_robot_localization/install.log'
