[1.118s] Invoking command in '/home/iwintern/guide_robot_ws/src/guide_robot_localization': PYTHONPATH=/home/iwintern/guide_robot_ws/src/guide_robot_localization/build/guide_robot_localization/prefix_override:/usr/lib/python3/dist-packages/colcon_core/task/python/colcon_distutils_commands:/home/iwintern/guide_robot_ws/src/guide_robot_localization/install/guide_robot_localization/lib/python3.10/site-packages:${PYTHONPATH} /usr/bin/python3 -W ignore:setup.py install is deprecated -W ignore:easy_install command is deprecated setup.py egg_info --egg-base build/guide_robot_localization build --build-base /home/iwintern/guide_robot_ws/src/guide_robot_localization/build/guide_robot_localization/build install --record /home/iwintern/guide_robot_ws/src/guide_robot_localization/build/guide_robot_localization/install.log --single-version-externally-managed install_data
[1.592s] running egg_info
[1.593s] writing build/guide_robot_localization/guide_robot_localization.egg-info/PKG-INFO
[1.594s] writing dependency_links to build/guide_robot_localization/guide_robot_localization.egg-info/dependency_links.txt
[1.594s] writing entry points to build/guide_robot_localization/guide_robot_localization.egg-info/entry_points.txt
[1.594s] writing requirements to build/guide_robot_localization/guide_robot_localization.egg-info/requires.txt
[1.594s] writing top-level names to build/guide_robot_localization/guide_robot_localization.egg-info/top_level.txt
[1.598s] reading manifest file 'build/guide_robot_localization/guide_robot_localization.egg-info/SOURCES.txt'
[1.599s] writing manifest file 'build/guide_robot_localization/guide_robot_localization.egg-info/SOURCES.txt'
[1.599s] running build
[1.599s] running build_py
[1.600s] running install
[1.600s] running install_lib
[1.604s] running install_data
[1.604s] copying launch/mapping.launch.py -> /home/iwintern/guide_robot_ws/src/guide_robot_localization/install/guide_robot_localization/share/guide_robot_localization/launch
[1.604s] copying config/mapper_params_online_async.yaml -> /home/iwintern/guide_robot_ws/src/guide_robot_localization/install/guide_robot_localization/share/guide_robot_localization/config
[1.605s] running install_egg_info
[1.608s] removing '/home/iwintern/guide_robot_ws/src/guide_robot_localization/install/guide_robot_localization/lib/python3.10/site-packages/guide_robot_localization-0.0.0-py3.10.egg-info' (and everything under it)
[1.609s] Copying build/guide_robot_localization/guide_robot_localization.egg-info to /home/iwintern/guide_robot_ws/src/guide_robot_localization/install/guide_robot_localization/lib/python3.10/site-packages/guide_robot_localization-0.0.0-py3.10.egg-info
[1.610s] running install_scripts
[1.645s] Installing accumulator script to /home/iwintern/guide_robot_ws/src/guide_robot_localization/install/guide_robot_localization/lib/guide_robot_localization
[1.645s] Installing corrected_body_frame_publisher script to /home/iwintern/guide_robot_ws/src/guide_robot_localization/install/guide_robot_localization/lib/guide_robot_localization
[1.645s] Installing imu_to_basefootprint script to /home/iwintern/guide_robot_ws/src/guide_robot_localization/install/guide_robot_localization/lib/guide_robot_localization
[1.646s] Installing odometry_transformer script to /home/iwintern/guide_robot_ws/src/guide_robot_localization/install/guide_robot_localization/lib/guide_robot_localization
[1.646s] Installing point_cloud_transformer script to /home/iwintern/guide_robot_ws/src/guide_robot_localization/install/guide_robot_localization/lib/guide_robot_localization
[1.647s] writing list of installed files to '/home/iwintern/guide_robot_ws/src/guide_robot_localization/build/guide_robot_localization/install.log'
[1.701s] Invoked command in '/home/iwintern/guide_robot_ws/src/guide_robot_localization' returned '0': PYTHONPATH=/home/iwintern/guide_robot_ws/src/guide_robot_localization/build/guide_robot_localization/prefix_override:/usr/lib/python3/dist-packages/colcon_core/task/python/colcon_distutils_commands:/home/iwintern/guide_robot_ws/src/guide_robot_localization/install/guide_robot_localization/lib/python3.10/site-packages:${PYTHONPATH} /usr/bin/python3 -W ignore:setup.py install is deprecated -W ignore:easy_install command is deprecated setup.py egg_info --egg-base build/guide_robot_localization build --build-base /home/iwintern/guide_robot_ws/src/guide_robot_localization/build/guide_robot_localization/build install --record /home/iwintern/guide_robot_ws/src/guide_robot_localization/build/guide_robot_localization/install.log --single-version-externally-managed install_data
