[0.183s] DEBUG:colcon:Command line arguments: ['/usr/bin/colcon', 'build', '--packages-select', 'guide_robot_localization']
[0.183s] DEBUG:colcon:Parsed command line arguments: Namespace(log_base=None, log_level=None, verb_name='build', build_base='build', install_base='install', merge_install=False, symlink_install=False, test_result_base=None, continue_on_error=False, executor='parallel', parallel_workers=12, event_handlers=None, ignore_user_meta=False, metas=['./colcon.meta'], base_paths=['.'], packages_ignore=None, packages_ignore_regex=None, paths=None, packages_up_to=None, packages_up_to_regex=None, packages_above=None, packages_above_and_dependencies=None, packages_above_depth=None, packages_select_by_dep=None, packages_skip_by_dep=None, packages_skip_up_to=None, packages_select_build_failed=False, packages_skip_build_finished=False, packages_select_test_failures=False, packages_skip_test_passed=False, packages_select=['guide_robot_localization'], packages_skip=None, packages_select_regex=None, packages_skip_regex=None, packages_start=None, packages_end=None, allow_overriding=[], cmake_args=None, cmake_target=None, cmake_target_skip_unavailable=False, cmake_clean_cache=False, cmake_clean_first=False, cmake_force_configure=False, ament_cmake_args=None, catkin_cmake_args=None, catkin_skip_building_tests=False, mixin_files=None, mixin=None, verb_parser=<colcon_mixin.mixin.mixin_argument.MixinArgumentDecorator object at 0xffffb6fe69b0>, verb_extension=<colcon_core.verb.build.BuildVerb object at 0xffffb711f8b0>, main=<bound method BuildVerb.main of <colcon_core.verb.build.BuildVerb object at 0xffffb711f8b0>>, mixin_verb=('build',))
[0.479s] Level 1:colcon.colcon_core.package_discovery:discover_packages(colcon_meta) check parameters
[0.479s] Level 1:colcon.colcon_core.package_discovery:discover_packages(recursive) check parameters
[0.479s] Level 1:colcon.colcon_core.package_discovery:discover_packages(ignore) check parameters
[0.479s] Level 1:colcon.colcon_core.package_discovery:discover_packages(path) check parameters
[0.479s] Level 1:colcon.colcon_core.package_discovery:discover_packages(colcon_meta) discover
[0.479s] Level 1:colcon.colcon_core.package_discovery:discover_packages(recursive) discover
[0.479s] INFO:colcon.colcon_core.package_discovery:Crawling recursively for packages in '/home/iwintern/guide_robot_ws/src/guide_robot_localization'
[0.480s] Level 1:colcon.colcon_core.package_identification:_identify(.) by extensions ['ignore', 'ignore_ament_install']
[0.480s] Level 1:colcon.colcon_core.package_identification:_identify(.) by extension 'ignore'
[0.480s] Level 1:colcon.colcon_core.package_identification:_identify(.) by extension 'ignore_ament_install'
[0.480s] Level 1:colcon.colcon_core.package_identification:_identify(.) by extensions ['colcon_pkg']
[0.480s] Level 1:colcon.colcon_core.package_identification:_identify(.) by extension 'colcon_pkg'
[0.480s] Level 1:colcon.colcon_core.package_identification:_identify(.) by extensions ['colcon_meta']
[0.480s] Level 1:colcon.colcon_core.package_identification:_identify(.) by extension 'colcon_meta'
[0.480s] Level 1:colcon.colcon_core.package_identification:_identify(.) by extensions ['ros']
[0.480s] Level 1:colcon.colcon_core.package_identification:_identify(.) by extension 'ros'
[0.521s] DEBUG:colcon.colcon_core.package_identification:Package '.' with type 'ros.ament_python' and name 'guide_robot_localization'
[0.521s] Level 1:colcon.colcon_core.package_discovery:discover_packages(recursive) using defaults
[0.521s] Level 1:colcon.colcon_core.package_discovery:discover_packages(ignore) discover
[0.521s] Level 1:colcon.colcon_core.package_discovery:discover_packages(ignore) using defaults
[0.521s] Level 1:colcon.colcon_core.package_discovery:discover_packages(path) discover
[0.521s] Level 1:colcon.colcon_core.package_discovery:discover_packages(path) using defaults
[0.552s] Level 1:colcon.colcon_core.package_discovery:discover_packages(prefix_path) check parameters
[0.552s] Level 1:colcon.colcon_core.package_discovery:discover_packages(prefix_path) discover
[0.557s] DEBUG:colcon.colcon_installed_package_information.package_discovery:Found 1 installed packages in /home/iwintern/guide_robot_ws/src/guide_robot_localization/install
[0.557s] DEBUG:colcon.colcon_installed_package_information.package_discovery:Found 3 installed packages in /home/iwintern/guide_robot_ws/install
[0.559s] DEBUG:colcon.colcon_installed_package_information.package_discovery:Found 24 installed packages in /home/iwintern/tron_ws/install
[0.560s] DEBUG:colcon.colcon_installed_package_information.package_discovery:Found 1 installed packages in /home/iwintern/nav_ws/install
[0.560s] DEBUG:colcon.colcon_installed_package_information.package_discovery:Found 1 installed packages in /home/iwintern/drivers/ws_livox/install
[0.562s] DEBUG:colcon.colcon_installed_package_information.package_discovery:Found 381 installed packages in /opt/ros/humble
[0.567s] Level 1:colcon.colcon_core.package_discovery:discover_packages(prefix_path) using defaults
[0.638s] Level 5:colcon.colcon_core.verb:set package 'guide_robot_localization' build argument 'cmake_args' from command line to 'None'
[0.638s] Level 5:colcon.colcon_core.verb:set package 'guide_robot_localization' build argument 'cmake_target' from command line to 'None'
[0.638s] Level 5:colcon.colcon_core.verb:set package 'guide_robot_localization' build argument 'cmake_target_skip_unavailable' from command line to 'False'
[0.638s] Level 5:colcon.colcon_core.verb:set package 'guide_robot_localization' build argument 'cmake_clean_cache' from command line to 'False'
[0.638s] Level 5:colcon.colcon_core.verb:set package 'guide_robot_localization' build argument 'cmake_clean_first' from command line to 'False'
[0.638s] Level 5:colcon.colcon_core.verb:set package 'guide_robot_localization' build argument 'cmake_force_configure' from command line to 'False'
[0.638s] Level 5:colcon.colcon_core.verb:set package 'guide_robot_localization' build argument 'ament_cmake_args' from command line to 'None'
[0.638s] Level 5:colcon.colcon_core.verb:set package 'guide_robot_localization' build argument 'catkin_cmake_args' from command line to 'None'
[0.639s] Level 5:colcon.colcon_core.verb:set package 'guide_robot_localization' build argument 'catkin_skip_building_tests' from command line to 'False'
[0.639s] DEBUG:colcon.colcon_core.verb:Building package 'guide_robot_localization' with the following arguments: {'ament_cmake_args': None, 'build_base': '/home/iwintern/guide_robot_ws/src/guide_robot_localization/build/guide_robot_localization', 'catkin_cmake_args': None, 'catkin_skip_building_tests': False, 'cmake_args': None, 'cmake_clean_cache': False, 'cmake_clean_first': False, 'cmake_force_configure': False, 'cmake_target': None, 'cmake_target_skip_unavailable': False, 'install_base': '/home/iwintern/guide_robot_ws/src/guide_robot_localization/install/guide_robot_localization', 'merge_install': False, 'path': '/home/iwintern/guide_robot_ws/src/guide_robot_localization', 'symlink_install': False, 'test_result_base': None}
[0.639s] INFO:colcon.colcon_core.executor:Executing jobs using 'parallel' executor
[0.641s] DEBUG:colcon.colcon_parallel_executor.executor.parallel:run_until_complete
[0.641s] INFO:colcon.colcon_ros.task.ament_python.build:Building ROS package in '/home/iwintern/guide_robot_ws/src/guide_robot_localization' with build type 'ament_python'
[0.642s] Level 1:colcon.colcon_core.shell:create_environment_hook('guide_robot_localization', 'ament_prefix_path')
[0.645s] INFO:colcon.colcon_core.plugin_system:Skipping extension 'colcon_core.shell.bat': Not used on non-Windows systems
[0.645s] INFO:colcon.colcon_core.shell:Creating environment hook '/home/iwintern/guide_robot_ws/src/guide_robot_localization/install/guide_robot_localization/share/guide_robot_localization/hook/ament_prefix_path.ps1'
[0.647s] INFO:colcon.colcon_core.shell:Creating environment descriptor '/home/iwintern/guide_robot_ws/src/guide_robot_localization/install/guide_robot_localization/share/guide_robot_localization/hook/ament_prefix_path.dsv'
[0.647s] INFO:colcon.colcon_core.shell:Creating environment hook '/home/iwintern/guide_robot_ws/src/guide_robot_localization/install/guide_robot_localization/share/guide_robot_localization/hook/ament_prefix_path.sh'
[0.648s] INFO:colcon.colcon_core.shell:Skip shell extension 'powershell' for command environment: Not usable outside of PowerShell
[0.649s] DEBUG:colcon.colcon_core.shell:Skip shell extension 'dsv' for command environment
[1.149s] INFO:colcon.colcon_core.task.python.build:Building Python package in '/home/iwintern/guide_robot_ws/src/guide_robot_localization'
[1.150s] INFO:colcon.colcon_core.shell:Skip shell extension 'powershell' for command environment: Not usable outside of PowerShell
[1.150s] DEBUG:colcon.colcon_core.shell:Skip shell extension 'dsv' for command environment
[1.769s] DEBUG:colcon.colcon_core.event_handler.log_command:Invoking command in '/home/iwintern/guide_robot_ws/src/guide_robot_localization': PYTHONPATH=/home/iwintern/guide_robot_ws/src/guide_robot_localization/build/guide_robot_localization/prefix_override:/usr/lib/python3/dist-packages/colcon_core/task/python/colcon_distutils_commands:/home/iwintern/guide_robot_ws/src/guide_robot_localization/install/guide_robot_localization/lib/python3.10/site-packages:${PYTHONPATH} /usr/bin/python3 -W ignore:setup.py install is deprecated -W ignore:easy_install command is deprecated setup.py egg_info --egg-base build/guide_robot_localization build --build-base /home/iwintern/guide_robot_ws/src/guide_robot_localization/build/guide_robot_localization/build install --record /home/iwintern/guide_robot_ws/src/guide_robot_localization/build/guide_robot_localization/install.log --single-version-externally-managed install_data
[2.324s] DEBUG:colcon.colcon_core.event_handler.log_command:Invoked command in '/home/iwintern/guide_robot_ws/src/guide_robot_localization' returned '0': PYTHONPATH=/home/iwintern/guide_robot_ws/src/guide_robot_localization/build/guide_robot_localization/prefix_override:/usr/lib/python3/dist-packages/colcon_core/task/python/colcon_distutils_commands:/home/iwintern/guide_robot_ws/src/guide_robot_localization/install/guide_robot_localization/lib/python3.10/site-packages:${PYTHONPATH} /usr/bin/python3 -W ignore:setup.py install is deprecated -W ignore:easy_install command is deprecated setup.py egg_info --egg-base build/guide_robot_localization build --build-base /home/iwintern/guide_robot_ws/src/guide_robot_localization/build/guide_robot_localization/build install --record /home/iwintern/guide_robot_ws/src/guide_robot_localization/build/guide_robot_localization/install.log --single-version-externally-managed install_data
[2.334s] Level 1:colcon.colcon_core.environment:checking '/home/iwintern/guide_robot_ws/src/guide_robot_localization/install/guide_robot_localization' for CMake module files
[2.337s] Level 1:colcon.colcon_core.environment:checking '/home/iwintern/guide_robot_ws/src/guide_robot_localization/install/guide_robot_localization' for CMake config files
[2.340s] Level 1:colcon.colcon_core.environment:checking '/home/iwintern/guide_robot_ws/src/guide_robot_localization/install/guide_robot_localization/lib'
[2.340s] Level 1:colcon.colcon_core.environment:checking '/home/iwintern/guide_robot_ws/src/guide_robot_localization/install/guide_robot_localization/bin'
[2.341s] Level 1:colcon.colcon_core.environment:checking '/home/iwintern/guide_robot_ws/src/guide_robot_localization/install/guide_robot_localization/lib/pkgconfig/guide_robot_localization.pc'
[2.342s] Level 1:colcon.colcon_core.environment:checking '/home/iwintern/guide_robot_ws/src/guide_robot_localization/install/guide_robot_localization/lib/python3.10/site-packages'
[2.342s] Level 1:colcon.colcon_core.shell:create_environment_hook('guide_robot_localization', 'pythonpath')
[2.343s] INFO:colcon.colcon_core.shell:Creating environment hook '/home/iwintern/guide_robot_ws/src/guide_robot_localization/install/guide_robot_localization/share/guide_robot_localization/hook/pythonpath.ps1'
[2.345s] INFO:colcon.colcon_core.shell:Creating environment descriptor '/home/iwintern/guide_robot_ws/src/guide_robot_localization/install/guide_robot_localization/share/guide_robot_localization/hook/pythonpath.dsv'
[2.346s] INFO:colcon.colcon_core.shell:Creating environment hook '/home/iwintern/guide_robot_ws/src/guide_robot_localization/install/guide_robot_localization/share/guide_robot_localization/hook/pythonpath.sh'
[2.349s] Level 1:colcon.colcon_core.environment:checking '/home/iwintern/guide_robot_ws/src/guide_robot_localization/install/guide_robot_localization/bin'
[2.349s] Level 1:colcon.colcon_core.environment:create_environment_scripts_only(guide_robot_localization)
[2.350s] INFO:colcon.colcon_core.shell:Creating package script '/home/iwintern/guide_robot_ws/src/guide_robot_localization/install/guide_robot_localization/share/guide_robot_localization/package.ps1'
[2.354s] INFO:colcon.colcon_core.shell:Creating package descriptor '/home/iwintern/guide_robot_ws/src/guide_robot_localization/install/guide_robot_localization/share/guide_robot_localization/package.dsv'
[2.356s] INFO:colcon.colcon_core.shell:Creating package script '/home/iwintern/guide_robot_ws/src/guide_robot_localization/install/guide_robot_localization/share/guide_robot_localization/package.sh'
[2.359s] INFO:colcon.colcon_core.shell:Creating package script '/home/iwintern/guide_robot_ws/src/guide_robot_localization/install/guide_robot_localization/share/guide_robot_localization/package.bash'
[2.362s] INFO:colcon.colcon_core.shell:Creating package script '/home/iwintern/guide_robot_ws/src/guide_robot_localization/install/guide_robot_localization/share/guide_robot_localization/package.zsh'
[2.364s] Level 1:colcon.colcon_core.environment:create_file_with_runtime_dependencies(/home/iwintern/guide_robot_ws/src/guide_robot_localization/install/guide_robot_localization/share/colcon-core/packages/guide_robot_localization)
[2.365s] DEBUG:colcon.colcon_parallel_executor.executor.parallel:closing loop
[2.366s] DEBUG:colcon.colcon_parallel_executor.executor.parallel:loop closed
[2.367s] DEBUG:colcon.colcon_parallel_executor.executor.parallel:run_until_complete finished with '0'
[2.367s] DEBUG:colcon.colcon_core.event_reactor:joining thread
[2.387s] INFO:colcon.colcon_core.plugin_system:Skipping extension 'colcon_notification.desktop_notification.terminal_notifier': Not used on non-Darwin systems
[2.388s] INFO:colcon.colcon_core.plugin_system:Skipping extension 'colcon_notification.desktop_notification.win32': Not used on non-Windows systems
[2.388s] INFO:colcon.colcon_notification.desktop_notification:Sending desktop notification using 'notify2'
[2.434s] DEBUG:colcon.colcon_core.event_reactor:joined thread
[2.435s] INFO:colcon.colcon_core.shell:Creating prefix script '/home/iwintern/guide_robot_ws/src/guide_robot_localization/install/local_setup.ps1'
[2.439s] INFO:colcon.colcon_core.shell:Creating prefix util module '/home/iwintern/guide_robot_ws/src/guide_robot_localization/install/_local_setup_util_ps1.py'
[2.444s] INFO:colcon.colcon_core.shell:Creating prefix chain script '/home/iwintern/guide_robot_ws/src/guide_robot_localization/install/setup.ps1'
[2.453s] INFO:colcon.colcon_core.shell:Creating prefix script '/home/iwintern/guide_robot_ws/src/guide_robot_localization/install/local_setup.sh'
[2.455s] INFO:colcon.colcon_core.shell:Creating prefix util module '/home/iwintern/guide_robot_ws/src/guide_robot_localization/install/_local_setup_util_sh.py'
[2.457s] INFO:colcon.colcon_core.shell:Creating prefix chain script '/home/iwintern/guide_robot_ws/src/guide_robot_localization/install/setup.sh'
[2.466s] INFO:colcon.colcon_core.shell:Creating prefix script '/home/iwintern/guide_robot_ws/src/guide_robot_localization/install/local_setup.bash'
[2.469s] INFO:colcon.colcon_core.shell:Creating prefix chain script '/home/iwintern/guide_robot_ws/src/guide_robot_localization/install/setup.bash'
[2.478s] INFO:colcon.colcon_core.shell:Creating prefix script '/home/iwintern/guide_robot_ws/src/guide_robot_localization/install/local_setup.zsh'
[2.480s] INFO:colcon.colcon_core.shell:Creating prefix chain script '/home/iwintern/guide_robot_ws/src/guide_robot_localization/install/setup.zsh'
